This file contains any messages produced by compilers while
running configure, to aid debugging if configure makes a mistake.

It was created by mod_websocket configure 3.5, which was
generated by GNU Autoconf 2.69.  Invocation command line was

  $ ./configure --with-lighttpd=../../lighttpd-1.4.32

## --------- ##
## Platform. ##
## --------- ##

hostname = zhyPC
uname -m = x86_64
uname -r = 4.4.0-161-generic
uname -s = Linux
uname -v = #189-Ubuntu SMP Tue Aug 27 08:10:16 UTC 2019

/usr/bin/uname -p = unknown
/bin/uname -X     = unknown

/bin/arch              = unknown
/usr/bin/arch -k       = unknown
/usr/convex/getsysinfo = unknown
/usr/bin/hostinfo      = unknown
/bin/machine           = unknown
/usr/bin/oslevel       = unknown
/bin/universe          = unknown

PATH: /media/zhyjiang/T/zhyjiang/bin
PATH: /media/zhyjiang/T/zhyjiang/bin
PATH: /usr/local/sbin
PATH: /usr/local/bin
PATH: /usr/sbin
PATH: /usr/bin
PATH: /sbin
PATH: /bin
PATH: /usr/games
PATH: /usr/local/games
PATH: /snap/bin


## ----------- ##
## Core tests. ##
## ----------- ##

configure:2424: checking for a BSD-compatible install
configure:2492: result: /usr/bin/install -c
configure:2503: checking whether build environment is sane
configure:2558: result: yes
configure:2709: checking for a thread-safe mkdir -p
configure:2748: result: /bin/mkdir -p
configure:2755: checking for gawk
configure:2771: found /usr/bin/gawk
configure:2782: result: gawk
configure:2793: checking whether make sets $(MAKE)
configure:2815: result: yes
configure:2844: checking whether make supports nested variables
configure:2861: result: yes
configure:2994: checking build system type
configure:3008: result: x86_64-pc-linux-gnu
configure:3028: checking host system type
configure:3041: result: x86_64-pc-linux-gnu
configure:3119: checking for gcc
configure:3135: found /usr/bin/gcc
configure:3146: result: gcc
configure:3375: checking for C compiler version
configure:3384: gcc --version >&5
gcc (Ubuntu 5.4.0-6ubuntu1~16.04.11) 5.4.0 20160609
Copyright (C) 2015 Free Software Foundation, Inc.
This is free software; see the source for copying conditions.  There is NO
warranty; not even for MERCHANTABILITY or FITNESS FOR A PARTICULAR PURPOSE.

configure:3395: $? = 0
configure:3384: gcc -v >&5
Using built-in specs.
COLLECT_GCC=gcc
COLLECT_LTO_WRAPPER=/usr/lib/gcc/x86_64-linux-gnu/5/lto-wrapper
Target: x86_64-linux-gnu
Configured with: ../src/configure -v --with-pkgversion='Ubuntu 5.4.0-6ubuntu1~16.04.11' --with-bugurl=file:///usr/share/doc/gcc-5/README.Bugs --enable-languages=c,ada,c++,java,go,d,fortran,objc,obj-c++ --prefix=/usr --program-suffix=-5 --enable-shared --enable-linker-build-id --libexecdir=/usr/lib --without-included-gettext --enable-threads=posix --libdir=/usr/lib --enable-nls --with-sysroot=/ --enable-clocale=gnu --enable-libstdcxx-debug --enable-libstdcxx-time=yes --with-default-libstdcxx-abi=new --enable-gnu-unique-object --disable-vtable-verify --enable-libmpx --enable-plugin --with-system-zlib --disable-browser-plugin --enable-java-awt=gtk --enable-gtk-cairo --with-java-home=/usr/lib/jvm/java-1.5.0-gcj-5-amd64/jre --enable-java-home --with-jvm-root-dir=/usr/lib/jvm/java-1.5.0-gcj-5-amd64 --with-jvm-jar-dir=/usr/lib/jvm-exports/java-1.5.0-gcj-5-amd64 --with-arch-directory=amd64 --with-ecj-jar=/usr/share/java/eclipse-ecj.jar --enable-objc-gc --enable-multiarch --disable-werror --with-arch-32=i686 --with-abi=m64 --with-multilib-list=m32,m64,mx32 --enable-multilib --with-tune=generic --enable-checking=release --build=x86_64-linux-gnu --host=x86_64-linux-gnu --target=x86_64-linux-gnu
Thread model: posix
gcc version 5.4.0 20160609 (Ubuntu 5.4.0-6ubuntu1~16.04.11) 
configure:3395: $? = 0
configure:3384: gcc -V >&5
gcc: error: unrecognized command line option '-V'
gcc: fatal error: no input files
compilation terminated.
configure:3395: $? = 1
configure:3384: gcc -qversion >&5
gcc: error: unrecognized command line option '-qversion'
gcc: fatal error: no input files
compilation terminated.
configure:3395: $? = 1
configure:3415: checking whether the C compiler works
configure:3437: gcc    conftest.c  >&5
configure:3441: $? = 0
configure:3489: result: yes
configure:3492: checking for C compiler default output file name
configure:3494: result: a.out
configure:3500: checking for suffix of executables
configure:3507: gcc -o conftest    conftest.c  >&5
configure:3511: $? = 0
configure:3533: result: 
configure:3555: checking whether we are cross compiling
configure:3563: gcc -o conftest    conftest.c  >&5
configure:3567: $? = 0
configure:3574: ./conftest
configure:3578: $? = 0
configure:3593: result: no
configure:3598: checking for suffix of object files
configure:3620: gcc -c   conftest.c >&5
configure:3624: $? = 0
configure:3645: result: o
configure:3649: checking whether we are using the GNU C compiler
configure:3668: gcc -c   conftest.c >&5
configure:3668: $? = 0
configure:3677: result: yes
configure:3686: checking whether gcc accepts -g
configure:3706: gcc -c -g  conftest.c >&5
configure:3706: $? = 0
configure:3747: result: yes
configure:3764: checking for gcc option to accept ISO C89
configure:3827: gcc  -c -g -O2  conftest.c >&5
configure:3827: $? = 0
configure:3840: result: none needed
configure:3865: checking whether gcc understands -c and -o together
configure:3887: gcc -c conftest.c -o conftest2.o
configure:3890: $? = 0
configure:3887: gcc -c conftest.c -o conftest2.o
configure:3890: $? = 0
configure:3902: result: yes
configure:3930: checking for style of include used by make
configure:3958: result: GNU
configure:3984: checking dependency style of gcc
configure:4095: result: gcc3
configure:4168: checking for g++
configure:4184: found /usr/bin/g++
configure:4195: result: g++
configure:4222: checking for C++ compiler version
configure:4231: g++ --version >&5
g++ (Ubuntu 5.4.0-6ubuntu1~16.04.11) 5.4.0 20160609
Copyright (C) 2015 Free Software Foundation, Inc.
This is free software; see the source for copying conditions.  There is NO
warranty; not even for MERCHANTABILITY or FITNESS FOR A PARTICULAR PURPOSE.

configure:4242: $? = 0
configure:4231: g++ -v >&5
Using built-in specs.
COLLECT_GCC=g++
COLLECT_LTO_WRAPPER=/usr/lib/gcc/x86_64-linux-gnu/5/lto-wrapper
Target: x86_64-linux-gnu
Configured with: ../src/configure -v --with-pkgversion='Ubuntu 5.4.0-6ubuntu1~16.04.11' --with-bugurl=file:///usr/share/doc/gcc-5/README.Bugs --enable-languages=c,ada,c++,java,go,d,fortran,objc,obj-c++ --prefix=/usr --program-suffix=-5 --enable-shared --enable-linker-build-id --libexecdir=/usr/lib --without-included-gettext --enable-threads=posix --libdir=/usr/lib --enable-nls --with-sysroot=/ --enable-clocale=gnu --enable-libstdcxx-debug --enable-libstdcxx-time=yes --with-default-libstdcxx-abi=new --enable-gnu-unique-object --disable-vtable-verify --enable-libmpx --enable-plugin --with-system-zlib --disable-browser-plugin --enable-java-awt=gtk --enable-gtk-cairo --with-java-home=/usr/lib/jvm/java-1.5.0-gcj-5-amd64/jre --enable-java-home --with-jvm-root-dir=/usr/lib/jvm/java-1.5.0-gcj-5-amd64 --with-jvm-jar-dir=/usr/lib/jvm-exports/java-1.5.0-gcj-5-amd64 --with-arch-directory=amd64 --with-ecj-jar=/usr/share/java/eclipse-ecj.jar --enable-objc-gc --enable-multiarch --disable-werror --with-arch-32=i686 --with-abi=m64 --with-multilib-list=m32,m64,mx32 --enable-multilib --with-tune=generic --enable-checking=release --build=x86_64-linux-gnu --host=x86_64-linux-gnu --target=x86_64-linux-gnu
Thread model: posix
gcc version 5.4.0 20160609 (Ubuntu 5.4.0-6ubuntu1~16.04.11) 
configure:4242: $? = 0
configure:4231: g++ -V >&5
g++: error: unrecognized command line option '-V'
g++: fatal error: no input files
compilation terminated.
configure:4242: $? = 1
configure:4231: g++ -qversion >&5
g++: error: unrecognized command line option '-qversion'
g++: fatal error: no input files
compilation terminated.
configure:4242: $? = 1
configure:4246: checking whether we are using the GNU C++ compiler
configure:4265: g++ -c   conftest.cpp >&5
configure:4265: $? = 0
configure:4274: result: yes
configure:4283: checking whether g++ accepts -g
configure:4303: g++ -c -g  conftest.cpp >&5
configure:4303: $? = 0
configure:4344: result: yes
configure:4369: checking dependency style of g++
configure:4480: result: gcc3
configure:4541: checking how to print strings
configure:4568: result: printf
configure:4589: checking for a sed that does not truncate output
configure:4653: result: /bin/sed
configure:4671: checking for grep that handles long lines and -e
configure:4729: result: /bin/grep
configure:4734: checking for egrep
configure:4796: result: /bin/grep -E
configure:4801: checking for fgrep
configure:4863: result: /bin/grep -F
configure:4898: checking for ld used by gcc
configure:4965: result: /usr/bin/ld
configure:4972: checking if the linker (/usr/bin/ld) is GNU ld
configure:4987: result: yes
configure:4999: checking for BSD- or MS-compatible name lister (nm)
configure:5053: result: /usr/bin/nm -B
configure:5183: checking the name lister (/usr/bin/nm -B) interface
configure:5190: gcc -c -g -O2  conftest.c >&5
configure:5193: /usr/bin/nm -B "conftest.o"
configure:5196: output
0000000000000000 B some_variable
configure:5203: result: BSD nm
configure:5206: checking whether ln -s works
configure:5210: result: yes
configure:5218: checking the maximum length of command line arguments
configure:5349: result: 1572864
configure:5397: checking how to convert x86_64-pc-linux-gnu file names to x86_64-pc-linux-gnu format
configure:5437: result: func_convert_file_noop
configure:5444: checking how to convert x86_64-pc-linux-gnu file names to toolchain format
configure:5464: result: func_convert_file_noop
configure:5471: checking for /usr/bin/ld option to reload object files
configure:5478: result: -r
configure:5552: checking for objdump
configure:5568: found /usr/bin/objdump
configure:5579: result: objdump
configure:5611: checking how to recognize dependent libraries
configure:5811: result: pass_all
configure:5896: checking for dlltool
configure:5926: result: no
configure:5956: checking how to associate runtime and link libraries
configure:5983: result: printf %s\n
configure:6044: checking for ar
configure:6060: found /usr/bin/ar
configure:6071: result: ar
configure:6108: checking for archiver @FILE support
configure:6125: gcc -c -g -O2  conftest.c >&5
configure:6125: $? = 0
configure:6128: ar cru libconftest.a @conftest.lst >&5
ar: `u' modifier ignored since `D' is the default (see `U')
configure:6131: $? = 0
configure:6136: ar cru libconftest.a @conftest.lst >&5
ar: `u' modifier ignored since `D' is the default (see `U')
ar: conftest.o: No such file or directory
configure:6139: $? = 1
configure:6151: result: @
configure:6209: checking for strip
configure:6225: found /usr/bin/strip
configure:6236: result: strip
configure:6308: checking for ranlib
configure:6324: found /usr/bin/ranlib
configure:6335: result: ranlib
configure:6437: checking command to parse /usr/bin/nm -B output from gcc object
configure:6590: gcc -c -g -O2  conftest.c >&5
configure:6593: $? = 0
configure:6597: /usr/bin/nm -B conftest.o \| sed -n -e 's/^.*[ ]\([ABCDGIRSTW][ABCDGIRSTW]*\)[ ][ ]*\([_A-Za-z][_A-Za-z0-9]*\)$/\1 \2 \2/p' | sed '/ __gnu_lto/d' \> conftest.nm
configure:6600: $? = 0
configure:6666: gcc -o conftest -g -O2   conftest.c conftstm.o >&5
configure:6669: $? = 0
configure:6707: result: ok
configure:6754: checking for sysroot
configure:6784: result: no
configure:6791: checking for a working dd
configure:6829: result: /bin/dd
configure:6833: checking how to truncate binary pipes
configure:6848: result: /bin/dd bs=4096 count=1
configure:6984: gcc -c -g -O2  conftest.c >&5
configure:6987: $? = 0
configure:7177: checking for mt
configure:7193: found /bin/mt
configure:7204: result: mt
configure:7227: checking if mt is a manifest tool
configure:7233: mt '-?'
configure:7241: result: no
configure:7918: checking how to run the C preprocessor
configure:7949: gcc -E  conftest.c
configure:7949: $? = 0
configure:7963: gcc -E  conftest.c
conftest.c:11:28: fatal error: ac_nonexistent.h: No such file or directory
compilation terminated.
configure:7963: $? = 1
configure: failed program was:
| /* confdefs.h */
| #define PACKAGE_NAME "mod_websocket"
| #define PACKAGE_TARNAME "mod_websocket"
| #define PACKAGE_VERSION "3.5"
| #define PACKAGE_STRING "mod_websocket 3.5"
| #define PACKAGE_BUGREPORT "nori.0428@gmail.com"
| #define PACKAGE_URL ""
| #define PACKAGE "mod_websocket"
| #define VERSION "3.5"
| /* end confdefs.h.  */
| #include <ac_nonexistent.h>
configure:7988: result: gcc -E
configure:8008: gcc -E  conftest.c
configure:8008: $? = 0
configure:8022: gcc -E  conftest.c
conftest.c:11:28: fatal error: ac_nonexistent.h: No such file or directory
compilation terminated.
configure:8022: $? = 1
configure: failed program was:
| /* confdefs.h */
| #define PACKAGE_NAME "mod_websocket"
| #define PACKAGE_TARNAME "mod_websocket"
| #define PACKAGE_VERSION "3.5"
| #define PACKAGE_STRING "mod_websocket 3.5"
| #define PACKAGE_BUGREPORT "nori.0428@gmail.com"
| #define PACKAGE_URL ""
| #define PACKAGE "mod_websocket"
| #define VERSION "3.5"
| /* end confdefs.h.  */
| #include <ac_nonexistent.h>
configure:8051: checking for ANSI C header files
configure:8071: gcc -c -g -O2  conftest.c >&5
configure:8071: $? = 0
configure:8144: gcc -o conftest -g -O2   conftest.c  >&5
configure:8144: $? = 0
configure:8144: ./conftest
configure:8144: $? = 0
configure:8155: result: yes
configure:8168: checking for sys/types.h
configure:8168: gcc -c -g -O2  conftest.c >&5
configure:8168: $? = 0
configure:8168: result: yes
configure:8168: checking for sys/stat.h
configure:8168: gcc -c -g -O2  conftest.c >&5
configure:8168: $? = 0
configure:8168: result: yes
configure:8168: checking for stdlib.h
configure:8168: gcc -c -g -O2  conftest.c >&5
configure:8168: $? = 0
configure:8168: result: yes
configure:8168: checking for string.h
configure:8168: gcc -c -g -O2  conftest.c >&5
configure:8168: $? = 0
configure:8168: result: yes
configure:8168: checking for memory.h
configure:8168: gcc -c -g -O2  conftest.c >&5
configure:8168: $? = 0
configure:8168: result: yes
configure:8168: checking for strings.h
configure:8168: gcc -c -g -O2  conftest.c >&5
configure:8168: $? = 0
configure:8168: result: yes
configure:8168: checking for inttypes.h
configure:8168: gcc -c -g -O2  conftest.c >&5
configure:8168: $? = 0
configure:8168: result: yes
configure:8168: checking for stdint.h
configure:8168: gcc -c -g -O2  conftest.c >&5
configure:8168: $? = 0
configure:8168: result: yes
configure:8168: checking for unistd.h
configure:8168: gcc -c -g -O2  conftest.c >&5
configure:8168: $? = 0
configure:8168: result: yes
configure:8182: checking for dlfcn.h
configure:8182: gcc -c -g -O2  conftest.c >&5
configure:8182: $? = 0
configure:8182: result: yes
configure:8449: checking for objdir
configure:8464: result: .libs
configure:8728: checking if gcc supports -fno-rtti -fno-exceptions
configure:8746: gcc -c -g -O2  -fno-rtti -fno-exceptions conftest.c >&5
cc1: warning: command line option '-fno-rtti' is valid for C++/ObjC++ but not for C
configure:8750: $? = 0
configure:8763: result: no
configure:9121: checking for gcc option to produce PIC
configure:9128: result: -fPIC -DPIC
configure:9136: checking if gcc PIC flag -fPIC -DPIC works
configure:9154: gcc -c -g -O2  -fPIC -DPIC -DPIC conftest.c >&5
configure:9158: $? = 0
configure:9171: result: yes
configure:9200: checking if gcc static flag -static works
configure:9228: result: yes
configure:9243: checking if gcc supports -c -o file.o
configure:9264: gcc -c -g -O2  -o out/conftest2.o conftest.c >&5
configure:9268: $? = 0
configure:9290: result: yes
configure:9298: checking if gcc supports -c -o file.o
configure:9345: result: yes
configure:9378: checking whether the gcc linker (/usr/bin/ld -m elf_x86_64) supports shared libraries
configure:10641: result: yes
configure:10678: checking whether -lc should be explicitly linked in
configure:10686: gcc -c -g -O2  conftest.c >&5
configure:10689: $? = 0
configure:10704: gcc -shared  -fPIC -DPIC conftest.o  -v -Wl,-soname -Wl,conftest -o conftest 2\>\&1 \| /bin/grep  -lc  \>/dev/null 2\>\&1
configure:10707: $? = 0
configure:10721: result: no
configure:10881: checking dynamic linker characteristics
configure:11462: gcc -o conftest -g -O2   -Wl,-rpath -Wl,/foo conftest.c  >&5
configure:11462: $? = 0
configure:11711: result: GNU/Linux ld.so
configure:11833: checking how to hardcode library paths into programs
configure:11858: result: immediate
configure:12406: checking whether stripping libraries is possible
configure:12411: result: yes
configure:12446: checking if libtool supports shared libraries
configure:12448: result: yes
configure:12451: checking whether to build shared libraries
configure:12476: result: yes
configure:12479: checking whether to build static libraries
configure:12483: result: yes
configure:12506: checking how to run the C++ preprocessor
configure:12533: g++ -E  conftest.cpp
configure:12533: $? = 0
configure:12547: g++ -E  conftest.cpp
conftest.cpp:23:28: fatal error: ac_nonexistent.h: No such file or directory
compilation terminated.
configure:12547: $? = 1
configure: failed program was:
| /* confdefs.h */
| #define PACKAGE_NAME "mod_websocket"
| #define PACKAGE_TARNAME "mod_websocket"
| #define PACKAGE_VERSION "3.5"
| #define PACKAGE_STRING "mod_websocket 3.5"
| #define PACKAGE_BUGREPORT "nori.0428@gmail.com"
| #define PACKAGE_URL ""
| #define PACKAGE "mod_websocket"
| #define VERSION "3.5"
| #define STDC_HEADERS 1
| #define HAVE_SYS_TYPES_H 1
| #define HAVE_SYS_STAT_H 1
| #define HAVE_STDLIB_H 1
| #define HAVE_STRING_H 1
| #define HAVE_MEMORY_H 1
| #define HAVE_STRINGS_H 1
| #define HAVE_INTTYPES_H 1
| #define HAVE_STDINT_H 1
| #define HAVE_UNISTD_H 1
| #define HAVE_DLFCN_H 1
| #define LT_OBJDIR ".libs/"
| /* end confdefs.h.  */
| #include <ac_nonexistent.h>
configure:12572: result: g++ -E
configure:12592: g++ -E  conftest.cpp
configure:12592: $? = 0
configure:12606: g++ -E  conftest.cpp
conftest.cpp:23:28: fatal error: ac_nonexistent.h: No such file or directory
compilation terminated.
configure:12606: $? = 1
configure: failed program was:
| /* confdefs.h */
| #define PACKAGE_NAME "mod_websocket"
| #define PACKAGE_TARNAME "mod_websocket"
| #define PACKAGE_VERSION "3.5"
| #define PACKAGE_STRING "mod_websocket 3.5"
| #define PACKAGE_BUGREPORT "nori.0428@gmail.com"
| #define PACKAGE_URL ""
| #define PACKAGE "mod_websocket"
| #define VERSION "3.5"
| #define STDC_HEADERS 1
| #define HAVE_SYS_TYPES_H 1
| #define HAVE_SYS_STAT_H 1
| #define HAVE_STDLIB_H 1
| #define HAVE_STRING_H 1
| #define HAVE_MEMORY_H 1
| #define HAVE_STRINGS_H 1
| #define HAVE_INTTYPES_H 1
| #define HAVE_STDINT_H 1
| #define HAVE_UNISTD_H 1
| #define HAVE_DLFCN_H 1
| #define LT_OBJDIR ".libs/"
| /* end confdefs.h.  */
| #include <ac_nonexistent.h>
configure:12768: checking for ld used by g++
configure:12835: result: /usr/bin/ld -m elf_x86_64
configure:12842: checking if the linker (/usr/bin/ld -m elf_x86_64) is GNU ld
configure:12857: result: yes
configure:12912: checking whether the g++ linker (/usr/bin/ld -m elf_x86_64) supports shared libraries
configure:13985: result: yes
configure:14021: g++ -c -g -O2  conftest.cpp >&5
configure:14024: $? = 0
configure:14505: checking for g++ option to produce PIC
configure:14512: result: -fPIC -DPIC
configure:14520: checking if g++ PIC flag -fPIC -DPIC works
configure:14538: g++ -c -g -O2  -fPIC -DPIC -DPIC conftest.cpp >&5
configure:14542: $? = 0
configure:14555: result: yes
configure:14578: checking if g++ static flag -static works
configure:14606: result: yes
configure:14618: checking if g++ supports -c -o file.o
configure:14639: g++ -c -g -O2  -o out/conftest2.o conftest.cpp >&5
configure:14643: $? = 0
configure:14665: result: yes
configure:14670: checking if g++ supports -c -o file.o
configure:14717: result: yes
configure:14747: checking whether the g++ linker (/usr/bin/ld -m elf_x86_64) supports shared libraries
configure:14790: result: yes
configure:14931: checking dynamic linker characteristics
configure:15688: result: GNU/Linux ld.so
configure:15753: checking how to hardcode library paths into programs
configure:15778: result: immediate
configure:15840: checking whether --enable-debug option specified
configure:15849: result: no
configure:15859: checking whether --with-test option specified
configure:15869: result: yes
configure:15880: checking whether --with-websocket option specified
configure:15890: result: all
configure:15903: checking whether byte ordering is bigendian
configure:15918: gcc -c -g -O2 -O3  conftest.c >&5
conftest.c:24:9: error: unknown type name 'not'
         not a universal capable compiler
         ^
conftest.c:24:15: error: expected '=', ',', ';', 'asm' or '__attribute__' before 'universal'
         not a universal capable compiler
               ^
conftest.c:24:15: error: unknown type name 'universal'
configure:15918: $? = 1
configure: failed program was:
| /* confdefs.h */
| #define PACKAGE_NAME "mod_websocket"
| #define PACKAGE_TARNAME "mod_websocket"
| #define PACKAGE_VERSION "3.5"
| #define PACKAGE_STRING "mod_websocket 3.5"
| #define PACKAGE_BUGREPORT "nori.0428@gmail.com"
| #define PACKAGE_URL ""
| #define PACKAGE "mod_websocket"
| #define VERSION "3.5"
| #define STDC_HEADERS 1
| #define HAVE_SYS_TYPES_H 1
| #define HAVE_SYS_STAT_H 1
| #define HAVE_STDLIB_H 1
| #define HAVE_STRING_H 1
| #define HAVE_MEMORY_H 1
| #define HAVE_STRINGS_H 1
| #define HAVE_INTTYPES_H 1
| #define HAVE_STDINT_H 1
| #define HAVE_UNISTD_H 1
| #define HAVE_DLFCN_H 1
| #define LT_OBJDIR ".libs/"
| /* end confdefs.h.  */
| #ifndef __APPLE_CC__
| 	       not a universal capable compiler
| 	     #endif
| 	     typedef int dummy;
| 
configure:15963: gcc -c -g -O2 -O3  conftest.c >&5
configure:15963: $? = 0
configure:15981: gcc -c -g -O2 -O3  conftest.c >&5
conftest.c: In function 'main':
conftest.c:30:4: error: unknown type name 'not'
    not big endian
    ^
conftest.c:30:12: error: expected '=', ',', ';', 'asm' or '__attribute__' before 'endian'
    not big endian
            ^
configure:15981: $? = 1
configure: failed program was:
| /* confdefs.h */
| #define PACKAGE_NAME "mod_websocket"
| #define PACKAGE_TARNAME "mod_websocket"
| #define PACKAGE_VERSION "3.5"
| #define PACKAGE_STRING "mod_websocket 3.5"
| #define PACKAGE_BUGREPORT "nori.0428@gmail.com"
| #define PACKAGE_URL ""
| #define PACKAGE "mod_websocket"
| #define VERSION "3.5"
| #define STDC_HEADERS 1
| #define HAVE_SYS_TYPES_H 1
| #define HAVE_SYS_STAT_H 1
| #define HAVE_STDLIB_H 1
| #define HAVE_STRING_H 1
| #define HAVE_MEMORY_H 1
| #define HAVE_STRINGS_H 1
| #define HAVE_INTTYPES_H 1
| #define HAVE_STDINT_H 1
| #define HAVE_UNISTD_H 1
| #define HAVE_DLFCN_H 1
| #define LT_OBJDIR ".libs/"
| /* end confdefs.h.  */
| #include <sys/types.h>
| 		#include <sys/param.h>
| 
| int
| main ()
| {
| #if BYTE_ORDER != BIG_ENDIAN
| 		 not big endian
| 		#endif
| 
|   ;
|   return 0;
| }
configure:16109: result: no
configure:16133: checking for stdint.h
configure:16133: result: yes
configure:16133: checking pcre.h usability
configure:16133: gcc -c -g -O2 -O3  conftest.c >&5
configure:16133: $? = 0
configure:16133: result: yes
configure:16133: checking pcre.h presence
configure:16133: gcc -E  conftest.c
configure:16133: $? = 0
configure:16133: result: yes
configure:16133: checking for pcre.h
configure:16133: result: yes
configure:16143: checking for pcre_compile in -lpcre
configure:16168: gcc -o conftest -g -O2 -O3   conftest.c -lpcre   >&5
configure:16168: $? = 0
configure:16177: result: yes
configure:16188: checking for pthread_create in -lpthread
configure:16213: gcc -o conftest -g -O2 -O3   conftest.c -lpthread  -lpcre  >&5
configure:16213: $? = 0
configure:16222: result: yes
configure:16234: checking whether --with-lighttpd option specified
configure:16244: result: ../../lighttpd-1.4.32
configure:16373: checking that generated files are newer than configure
configure:16379: result: done
configure:16411: creating ./config.status

## ---------------------- ##
## Running config.status. ##
## ---------------------- ##

This file was extended by mod_websocket config.status 3.5, which was
generated by GNU Autoconf 2.69.  Invocation command line was

  CONFIG_FILES    = 
  CONFIG_HEADERS  = 
  CONFIG_LINKS    = 
  CONFIG_COMMANDS = 
  $ ./config.status 

on zhyPC

config.status:1161: creating Makefile
config.status:1161: creating src/Makefile
config.status:1161: creating test/Makefile
config.status:1161: creating test/stub/Makefile
config.status:1161: creating src/config.h
config.status:1390: executing depfiles commands
config.status:1390: executing libtool commands
configure:18888: === configuring in contrib/gtest-1.7.0 (/media/zhyjiang/T/RK99/gvc3220/android/vendor/grandstream/service/webserver/websocket/modwebsocket/contrib/gtest-1.7.0)
configure:18951: running /bin/bash ./configure --disable-option-checking '--prefix=/usr/local'  '--with-lighttpd=../../lighttpd-1.4.32' --cache-file=/dev/null --srcdir=.

## ---------------- ##
## Cache variables. ##
## ---------------- ##

ac_cv_build=x86_64-pc-linux-gnu
ac_cv_c_bigendian=no
ac_cv_c_compiler_gnu=yes
ac_cv_cxx_compiler_gnu=yes
ac_cv_env_CCC_set=
ac_cv_env_CCC_value=
ac_cv_env_CC_set=
ac_cv_env_CC_value=
ac_cv_env_CFLAGS_set=
ac_cv_env_CFLAGS_value=
ac_cv_env_CPPFLAGS_set=
ac_cv_env_CPPFLAGS_value=
ac_cv_env_CPP_set=
ac_cv_env_CPP_value=
ac_cv_env_CXXCPP_set=
ac_cv_env_CXXCPP_value=
ac_cv_env_CXXFLAGS_set=
ac_cv_env_CXXFLAGS_value=
ac_cv_env_CXX_set=
ac_cv_env_CXX_value=
ac_cv_env_LDFLAGS_set=
ac_cv_env_LDFLAGS_value=
ac_cv_env_LIBS_set=
ac_cv_env_LIBS_value=
ac_cv_env_LT_SYS_LIBRARY_PATH_set=
ac_cv_env_LT_SYS_LIBRARY_PATH_value=
ac_cv_env_build_alias_set=
ac_cv_env_build_alias_value=
ac_cv_env_host_alias_set=
ac_cv_env_host_alias_value=
ac_cv_env_target_alias_set=
ac_cv_env_target_alias_value=
ac_cv_header_dlfcn_h=yes
ac_cv_header_inttypes_h=yes
ac_cv_header_memory_h=yes
ac_cv_header_pcre_h=yes
ac_cv_header_stdc=yes
ac_cv_header_stdint_h=yes
ac_cv_header_stdlib_h=yes
ac_cv_header_string_h=yes
ac_cv_header_strings_h=yes
ac_cv_header_sys_stat_h=yes
ac_cv_header_sys_types_h=yes
ac_cv_header_unistd_h=yes
ac_cv_host=x86_64-pc-linux-gnu
ac_cv_lib_pcre_pcre_compile=yes
ac_cv_lib_pthread_pthread_create=yes
ac_cv_objext=o
ac_cv_path_EGREP='/bin/grep -E'
ac_cv_path_FGREP='/bin/grep -F'
ac_cv_path_GREP=/bin/grep
ac_cv_path_SED=/bin/sed
ac_cv_path_install='/usr/bin/install -c'
ac_cv_path_lt_DD=/bin/dd
ac_cv_path_mkdir=/bin/mkdir
ac_cv_prog_AWK=gawk
ac_cv_prog_CPP='gcc -E'
ac_cv_prog_CXXCPP='g++ -E'
ac_cv_prog_ac_ct_AR=ar
ac_cv_prog_ac_ct_CC=gcc
ac_cv_prog_ac_ct_CXX=g++
ac_cv_prog_ac_ct_MANIFEST_TOOL=mt
ac_cv_prog_ac_ct_OBJDUMP=objdump
ac_cv_prog_ac_ct_RANLIB=ranlib
ac_cv_prog_ac_ct_STRIP=strip
ac_cv_prog_cc_c89=
ac_cv_prog_cc_g=yes
ac_cv_prog_cxx_g=yes
ac_cv_prog_make_make_set=yes
am_cv_CC_dependencies_compiler_type=gcc3
am_cv_CXX_dependencies_compiler_type=gcc3
am_cv_make_support_nested_variables=yes
am_cv_prog_cc_c_o=yes
lt_cv_ar_at_file=@
lt_cv_archive_cmds_need_lc=no
lt_cv_deplibs_check_method=pass_all
lt_cv_file_magic_cmd='$MAGIC_CMD'
lt_cv_file_magic_test_file=
lt_cv_ld_reload_flag=-r
lt_cv_nm_interface='BSD nm'
lt_cv_objdir=.libs
lt_cv_path_LD=/usr/bin/ld
lt_cv_path_LDCXX='/usr/bin/ld -m elf_x86_64'
lt_cv_path_NM='/usr/bin/nm -B'
lt_cv_path_mainfest_tool=no
lt_cv_prog_compiler_c_o=yes
lt_cv_prog_compiler_c_o_CXX=yes
lt_cv_prog_compiler_pic='-fPIC -DPIC'
lt_cv_prog_compiler_pic_CXX='-fPIC -DPIC'
lt_cv_prog_compiler_pic_works=yes
lt_cv_prog_compiler_pic_works_CXX=yes
lt_cv_prog_compiler_rtti_exceptions=no
lt_cv_prog_compiler_static_works=yes
lt_cv_prog_compiler_static_works_CXX=yes
lt_cv_prog_gnu_ld=yes
lt_cv_prog_gnu_ldcxx=yes
lt_cv_sharedlib_from_linklib_cmd='printf %s\n'
lt_cv_shlibpath_overrides_runpath=no
lt_cv_sys_global_symbol_pipe='sed -n -e '\''s/^.*[	 ]\([ABCDGIRSTW][ABCDGIRSTW]*\)[	 ][	 ]*\([_A-Za-z][_A-Za-z0-9]*\)$/\1 \2 \2/p'\'' | sed '\''/ __gnu_lto/d'\'''
lt_cv_sys_global_symbol_to_c_name_address='sed -n -e '\''s/^: \(.*\) .*$/  {"\1", (void *) 0},/p'\'' -e '\''s/^[ABCDGIRSTW][ABCDGIRSTW]* .* \(.*\)$/  {"\1", (void *) \&\1},/p'\'''
lt_cv_sys_global_symbol_to_c_name_address_lib_prefix='sed -n -e '\''s/^: \(.*\) .*$/  {"\1", (void *) 0},/p'\'' -e '\''s/^[ABCDGIRSTW][ABCDGIRSTW]* .* \(lib.*\)$/  {"\1", (void *) \&\1},/p'\'' -e '\''s/^[ABCDGIRSTW][ABCDGIRSTW]* .* \(.*\)$/  {"lib\1", (void *) \&\1},/p'\'''
lt_cv_sys_global_symbol_to_cdecl='sed -n -e '\''s/^T .* \(.*\)$/extern int \1();/p'\'' -e '\''s/^[ABCDGIRSTW][ABCDGIRSTW]* .* \(.*\)$/extern char \1;/p'\'''
lt_cv_sys_global_symbol_to_import=
lt_cv_sys_max_cmd_len=1572864
lt_cv_to_host_file_cmd=func_convert_file_noop
lt_cv_to_tool_file_cmd=func_convert_file_noop
lt_cv_truncate_bin='/bin/dd bs=4096 count=1'

## ----------------- ##
## Output variables. ##
## ----------------- ##

ACLOCAL='${SHELL} /media/zhyjiang/T/RK99/gvc3220/android/vendor/grandstream/service/webserver/websocket/modwebsocket/m4/missing aclocal-1.15'
AMDEPBACKSLASH='\'
AMDEP_FALSE='#'
AMDEP_TRUE=''
AMTAR='$${TAR-tar}'
AM_BACKSLASH='\'
AM_DEFAULT_V='$(AM_DEFAULT_VERBOSITY)'
AM_DEFAULT_VERBOSITY='1'
AM_V='$(V)'
AR='ar'
AUTOCONF='${SHELL} /media/zhyjiang/T/RK99/gvc3220/android/vendor/grandstream/service/webserver/websocket/modwebsocket/m4/missing autoconf'
AUTOHEADER='${SHELL} /media/zhyjiang/T/RK99/gvc3220/android/vendor/grandstream/service/webserver/websocket/modwebsocket/m4/missing autoheader'
AUTOMAKE='${SHELL} /media/zhyjiang/T/RK99/gvc3220/android/vendor/grandstream/service/webserver/websocket/modwebsocket/m4/missing automake-1.15'
AWK='gawk'
CC='gcc'
CCDEPMODE='depmode=gcc3'
CFLAGS='-g -O2 -O3'
CPP='gcc -E'
CPPFLAGS=''
CXX='g++'
CXXCPP='g++ -E'
CXXDEPMODE='depmode=gcc3'
CXXFLAGS='-g -O2 -O3'
CYGPATH_W='echo'
DEFS='-DHAVE_CONFIG_H'
DEPDIR='.deps'
DLLTOOL='false'
DSYMUTIL=''
DUMPBIN=''
ECHO_C=''
ECHO_N='-n'
ECHO_T=''
EGREP='/bin/grep -E'
EXEEXT=''
FGREP='/bin/grep -F'
GREP='/bin/grep'
INSTALL_DATA='${INSTALL} -m 644'
INSTALL_PROGRAM='${INSTALL}'
INSTALL_SCRIPT='${INSTALL}'
INSTALL_STRIP_PROGRAM='$(install_sh) -c -s'
LD='/usr/bin/ld -m elf_x86_64'
LDFLAGS=''
LIBOBJS=''
LIBS='-lpthread -lpcre '
LIBTOOL='$(SHELL) $(top_builddir)/libtool'
LIGHTTPD_LOCATION='../../lighttpd-1.4.32'
LIPO=''
LN_S='ln -s'
LTLIBOBJS=''
LT_SYS_LIBRARY_PATH=''
MAKEINFO='${SHELL} /media/zhyjiang/T/RK99/gvc3220/android/vendor/grandstream/service/webserver/websocket/modwebsocket/m4/missing makeinfo'
MANIFEST_TOOL=':'
MKDIR_P='/bin/mkdir -p'
MODULE_CFLAGS='-D_MOD_WEBSOCKET_SPEC_IETF_00_ -D_MOD_WEBSOCKET_SPEC_RFC_6455_  -Werror -W -Wall -Wshadow -Wpointer-arith -Wbad-function-cast -Wcast-align -Wwrite-strings -Wno-sign-compare -Waggregate-return -Wnested-externs -Wno-long-long -Wunused -Wfloat-equal -Wformat -fno-strict-aliasing'
NM='/usr/bin/nm -B'
NMEDIT=''
OBJDUMP='objdump'
OBJEXT='o'
OTOOL64=''
OTOOL=''
PACKAGE='mod_websocket'
PACKAGE_BUGREPORT='nori.0428@gmail.com'
PACKAGE_NAME='mod_websocket'
PACKAGE_STRING='mod_websocket 3.5'
PACKAGE_TARNAME='mod_websocket'
PACKAGE_URL=''
PACKAGE_VERSION='3.5'
PATH_SEPARATOR=':'
RANLIB='ranlib'
SED='/bin/sed'
SET_MAKE=''
SHELL='/bin/bash'
STRIP='strip'
SUPPORT_VERSION_CFLAGS='-D_MOD_WEBSOCKET_SPEC_IETF_00_ -D_MOD_WEBSOCKET_SPEC_RFC_6455_'
VERSION='3.5'
WITH_TEST_FALSE='#'
WITH_TEST_TRUE=''
ac_ct_AR='ar'
ac_ct_CC='gcc'
ac_ct_CXX='g++'
ac_ct_DUMPBIN=''
am__EXEEXT_FALSE=''
am__EXEEXT_TRUE='#'
am__fastdepCC_FALSE='#'
am__fastdepCC_TRUE=''
am__fastdepCXX_FALSE='#'
am__fastdepCXX_TRUE=''
am__include='include'
am__isrc=''
am__leading_dot='.'
am__nodep='_no'
am__quote=''
am__tar='$${TAR-tar} chof - "$$tardir"'
am__untar='$${TAR-tar} xf -'
bindir='${exec_prefix}/bin'
build='x86_64-pc-linux-gnu'
build_alias=''
build_cpu='x86_64'
build_os='linux-gnu'
build_vendor='pc'
datadir='${datarootdir}'
datarootdir='${prefix}/share'
docdir='${datarootdir}/doc/${PACKAGE_TARNAME}'
dvidir='${docdir}'
exec_prefix='${prefix}'
host='x86_64-pc-linux-gnu'
host_alias=''
host_cpu='x86_64'
host_os='linux-gnu'
host_vendor='pc'
htmldir='${docdir}'
includedir='${prefix}/include'
infodir='${datarootdir}/info'
install_sh='${SHELL} /media/zhyjiang/T/RK99/gvc3220/android/vendor/grandstream/service/webserver/websocket/modwebsocket/m4/install-sh'
libdir='${exec_prefix}/lib'
libexecdir='${exec_prefix}/libexec'
localedir='${datarootdir}/locale'
localstatedir='${prefix}/var'
mandir='${datarootdir}/man'
mkdir_p='$(MKDIR_P)'
oldincludedir='/usr/include'
pdfdir='${docdir}'
prefix='/usr/local'
program_transform_name='s,x,x,'
psdir='${docdir}'
runstatedir='${localstatedir}/run'
sbindir='${exec_prefix}/sbin'
sharedstatedir='${prefix}/com'
subdirs=' contrib/gtest-1.7.0'
sysconfdir='${prefix}/etc'
target_alias=''

## ----------- ##
## confdefs.h. ##
## ----------- ##

/* confdefs.h */
#define PACKAGE_NAME "mod_websocket"
#define PACKAGE_TARNAME "mod_websocket"
#define PACKAGE_VERSION "3.5"
#define PACKAGE_STRING "mod_websocket 3.5"
#define PACKAGE_BUGREPORT "nori.0428@gmail.com"
#define PACKAGE_URL ""
#define PACKAGE "mod_websocket"
#define VERSION "3.5"
#define STDC_HEADERS 1
#define HAVE_SYS_TYPES_H 1
#define HAVE_SYS_STAT_H 1
#define HAVE_STDLIB_H 1
#define HAVE_STRING_H 1
#define HAVE_MEMORY_H 1
#define HAVE_STRINGS_H 1
#define HAVE_INTTYPES_H 1
#define HAVE_STDINT_H 1
#define HAVE_UNISTD_H 1
#define HAVE_DLFCN_H 1
#define LT_OBJDIR ".libs/"
#define HAVE_STDINT_H 1
#define HAVE_PCRE_H 1
#define HAVE_LIBPCRE 1
#define HAVE_LIBPTHREAD 1

configure: exit 0
